Arguments: 
  /usr/local/bin/node /usr/local/bin/yarn --ignore-engines

PATH: 
  /usr/local/bin:/usr/bin:/bin:/usr/sbin:/sbin

Yarn version: 
  1.6.0

Node version: 
  8.11.1

Platform: 
  darwin x64

Trace: 
  Error: EACCES: permission denied, mkdir '/Users/samanderson/Sites/emaily/node_modules/babel-code-frame/node_modules/ansi-regex'

npm manifest: 
  {
    "name": "react-emaily",
    "version": "1.0.0",
    "description": "",
    "main": "index.js",
    "engines": {
      "node": "8.1.1",
      "npm": "5.0.3"
    },
    "scripts": {
      "start": "node server/index.js",
      "server": "nodemon server/index.js",
      "client": "npm run start --prefix server/client",
      "dev": "concurrently \"npm run server\" \"npm run client\""
    },
    "author": "",
    "license": "ISC",
    "dependencies": {
      "cookie-session": "^2.0.0-beta.3",
      "express": "^4.16.3",
      "mongoose": "^5.0.15",
      "passport": "^0.4.0",
      "passport-google-oauth20": "^1.0.0"
    },
    "devDependencies": {
      "concurrently": "^3.5.1",
      "eslint": "^4.19.1",
      "eslint-config-airbnb": "^16.1.0",
      "eslint-plugin-import": "^2.11.0",
      "eslint-plugin-jsx-a11y": "^6.0.3",
      "eslint-plugin-react": "^7.7.0"
    }
  }

yarn manifest: 
  No manifest

Lockfile: 
  No lockfile
